{"target": 0.43404361605644226, "params": {"M": 7.49080237694725, "hidden_layer1_features": 1972.2971746456312, "learning_rate": 0.000734674002393291}, "datetime": {"datetime": "2024-11-28 19:38:22", "elapsed": 0.0, "delta": 0.0}}
{"target": 0.45008593797683716, "params": {"M": 11.973169683940732, "hidden_layer1_features": 751.6446317195825, "learning_rate": 0.0001644345751328406}, "datetime": {"datetime": "2024-11-28 21:34:14", "elapsed": 6952.471374, "delta": 6952.471374}}
{"target": 0.3886021375656128, "params": {"M": 1.1616722433639892, "hidden_layer1_features": 1842.4465599103005, "learning_rate": 0.0006051038616257768}, "datetime": {"datetime": "2024-11-28 23:41:24", "elapsed": 14582.675103, "delta": 7630.203729}}
{"target": 0.44620874524116516, "params": {"M": 14.161451555920909, "hidden_layer1_features": 543.6177832383526, "learning_rate": 0.0009702107536403744}, "datetime": {"datetime": "2024-11-29 00:26:30", "elapsed": 17288.426546, "delta": 2705.751443}}
{"target": 0.44909632205963135, "params": {"M": 16.648852816008436, "hidden_layer1_features": 838.1528740018322, "learning_rate": 0.0001900067175350296}, "datetime": {"datetime": "2024-11-29 02:48:14", "elapsed": 25792.295185, "delta": 8503.868639}}
{"target": 0.4245242774486542, "params": {"M": 5.253866197600104, "hidden_layer1_features": 765.0064593044187, "learning_rate": 0.0006922519234105343}, "datetime": {"datetime": "2024-11-29 03:43:28", "elapsed": 29106.165195, "delta": 3313.87001}}
{"target": 0.4444974660873413, "params": {"M": 16.43008430814686, "hidden_layer1_features": 837.9410722003224, "learning_rate": 0.0007161527171734177}, "datetime": {"datetime": "2024-11-29 05:13:45", "elapsed": 34522.986516, "delta": 5416.821321}}
{"target": 0.44639095664024353, "params": {"M": 17.77218933326821, "hidden_layer1_features": 840.3703924648943, "learning_rate": 0.0007620789354742353}, "datetime": {"datetime": "2024-11-29 06:41:47", "elapsed": 39805.451038, "delta": 5282.464522}}
{"target": 0.45870068669319153, "params": {"M": 13.782006763561219, "hidden_layer1_features": 749.3666475393316, "learning_rate": 0.0004579297824025398}, "datetime": {"datetime": "2024-11-29 08:04:03", "elapsed": 44741.756076, "delta": 4936.305038}}
{"target": 0.44781580567359924, "params": {"M": 15.326199828685995, "hidden_layer1_features": 752.0857473955242, "learning_rate": 0.0005793366512838628}, "datetime": {"datetime": "2024-11-29 09:27:05", "elapsed": 49723.72335, "delta": 4981.967274}}
{"target": 0.441414475440979, "params": {"M": 15.703560205183646, "hidden_layer1_features": 747.394914237166, "learning_rate": 0.0006678165714358703}, "datetime": {"datetime": "2024-11-29 10:38:36", "elapsed": 54014.175069, "delta": 4290.451719}}
{"target": 0.4393469989299774, "params": {"M": 11.38242865771195, "hidden_layer1_features": 748.5843223961695, "learning_rate": 0.000645804850510703}, "datetime": {"datetime": "2024-11-29 11:52:22", "elapsed": 58440.772451, "delta": 4426.597382}}
{"target": 0.451253205537796, "params": {"M": 18.470776400545095, "hidden_layer1_features": 838.0154366679225, "learning_rate": 0.00022608400113684706}, "datetime": {"datetime": "2024-11-29 14:01:37", "elapsed": 66195.789582, "delta": 7755.017131}}
{"target": 0.4506990909576416, "params": {"M": 13.046481128210585, "hidden_layer1_features": 755.8919638454031, "learning_rate": 0.00010122977547380979}, "datetime": {"datetime": "2024-11-29 16:03:34", "elapsed": 73511.943086, "delta": 7316.153504}}
{"target": 0.4455372989177704, "params": {"M": 16.240407186243793, "hidden_layer1_features": 757.9943124619, "learning_rate": 0.0009139436708893372}, "datetime": {"datetime": "2024-11-29 17:10:50", "elapsed": 77548.280266, "delta": 4036.33718}}
{"target": 0.4495754837989807, "params": {"M": 9.440206793924714, "hidden_layer1_features": 755.2299023123634, "learning_rate": 0.00023317616238921932}, "datetime": {"datetime": "2024-11-29 18:46:08", "elapsed": 83266.35133, "delta": 5718.071064}}
{"target": 0.42995521426200867, "params": {"M": 12.05545420085154, "hidden_layer1_features": 759.0488755342096, "learning_rate": 0.0008649055381559705}, "datetime": {"datetime": "2024-11-29 19:50:49", "elapsed": 87146.981512, "delta": 3880.630182}}
{"target": 0.4211648106575012, "params": {"M": 6.386710470779353, "hidden_layer1_features": 753.1774131661564, "learning_rate": 0.0005896473750460109}, "datetime": {"datetime": "2024-11-29 20:51:24", "elapsed": 90782.614064, "delta": 3635.632552}}
{"target": 0.45783618092536926, "params": {"M": 18.025431256692098, "hidden_layer1_features": 754.2089374357608, "learning_rate": 0.00019481303231528034}, "datetime": {"datetime": "2024-11-29 22:49:20", "elapsed": 97857.86781, "delta": 7075.253746}}
{"target": 0.45197996497154236, "params": {"M": 19.016875839540234, "hidden_layer1_features": 756.2104165200271, "learning_rate": 0.0002200950876322887}, "datetime": {"datetime": "2024-11-30 00:46:26", "elapsed": 104884.297679, "delta": 7026.429869}}
{"target": 0.4340294599533081, "params": {"M": 19.60352198357644, "hidden_layer1_features": 752.1769309241722, "learning_rate": 0.0009508661076256035}, "datetime": {"datetime": "2024-11-30 01:55:05", "elapsed": 109003.192811, "delta": 4118.895132}}
{"target": 0.4335147738456726, "params": {"M": 15.638330852568139, "hidden_layer1_features": 755.498245602643, "learning_rate": 0.0006653392919264594}, "datetime": {"datetime": "2024-11-30 03:18:12", "elapsed": 113990.692792, "delta": 4987.499981}}
{"target": 0.4299599230289459, "params": {"M": 11.488318045992331, "hidden_layer1_features": 753.9816272509526, "learning_rate": 0.0002662844184257412}, "datetime": {"datetime": "2024-11-30 04:51:01", "elapsed": 119559.162507, "delta": 5568.469715}}
{"target": 0.43623030185699463, "params": {"M": 14.067090191211376, "hidden_layer1_features": 750.8615392554238, "learning_rate": 0.0005661243345844516}, "datetime": {"datetime": "2024-11-30 06:15:20", "elapsed": 124618.316312, "delta": 5059.153805}}
{"target": 0.4647347033023834, "params": {"M": 15.046258632435428, "hidden_layer1_features": 749.2476902335738, "learning_rate": 0.0006977980249950953}, "datetime": {"datetime": "2024-11-30 07:32:03", "elapsed": 129221.216973, "delta": 4602.900661}}
