{"target": 0.3875685930252075, "params": {"M": 15.614422733489338, "dropout": 0.38521429192297485, "hidden_size": 1567.733143726038, "learning_rate": 6.38792635777333e-05}, "datetime": {"datetime": "2025-03-29 21:22:33", "elapsed": 0.0, "delta": 0.0}}
{"target": 0.406792014837265, "params": {"M": 10.588428730176041, "dropout": 0.1467983561008608, "hidden_size": 360.0858330054134, "learning_rate": 8.795585311974417e-05}, "datetime": {"datetime": "2025-03-30 00:29:31", "elapsed": 11218.479344, "delta": 11218.479344}}
{"target": 0.39434805512428284, "params": {"M": 20.8256452700938, "dropout": 0.3124217733388137, "hidden_size": 292.887413778078, "learning_rate": 9.72918866945795e-05}, "datetime": {"datetime": "2025-03-30 00:45:43", "elapsed": 12189.845611, "delta": 971.366267}}
{"target": 0.417356014251709, "params": {"M": 26.1461807384097, "dropout": 0.16370173320348286, "hidden_size": 581.8303412351243, "learning_rate": 2.6506405886809046e-05}, "datetime": {"datetime": "2025-03-30 06:21:51", "elapsed": 32358.213289, "delta": 20168.367678}}
{"target": 0.3993755578994751, "params": {"M": 13.997571588069368, "dropout": 0.2574269294896714, "hidden_size": 1030.0454734066716, "learning_rate": 3.6210622617823774e-05}, "datetime": {"datetime": "2025-03-30 11:43:58", "elapsed": 51685.254453, "delta": 19327.041164}}
{"target": 0.3875395357608795, "params": {"M": 27.144892299365946, "dropout": 0.3395475311659164, "hidden_size": 582.2890323844567, "learning_rate": 6.088651825969622e-05}, "datetime": {"datetime": "2025-03-30 12:12:32", "elapsed": 53398.657749, "delta": 1713.403296}}
{"target": 0.38491204380989075, "params": {"M": 13.876223950252042, "dropout": 0.33400428132458904, "hidden_size": 1029.862429350174, "learning_rate": 2.4636798628993008e-05}, "datetime": {"datetime": "2025-03-30 15:32:33", "elapsed": 65400.633346, "delta": 12001.975597}}
{"target": 0.4020082354545593, "params": {"M": 7.10299597031175, "dropout": 0.11210987352959143, "hidden_size": 1091.883068764378, "learning_rate": 4.1689700505649316e-05}, "datetime": {"datetime": "2025-03-30 21:42:52", "elapsed": 87619.419494, "delta": 22218.786148}}
{"target": 0.3898240029811859, "params": {"M": 29.328314840146195, "dropout": 0.3128819763197226, "hidden_size": 2037.0291576268785, "learning_rate": 4.3652913944657884e-05}, "datetime": {"datetime": "2025-03-30 23:01:06", "elapsed": 92313.034164, "delta": 4693.61467}}
{"target": 0.405803382396698, "params": {"M": 17.844731503221542, "dropout": 0.1481470185662356, "hidden_size": 1693.1129304232595, "learning_rate": 1.8685271873361407e-05}, "datetime": {"datetime": "2025-03-31 09:52:17", "elapsed": 131384.261886, "delta": 39071.227722}}
{"target": 0.373027503490448, "params": {"M": 28.581216059014615, "dropout": 0.31189783741473787, "hidden_size": 1062.6402479068074, "learning_rate": 9.986212157301393e-05}, "datetime": {"datetime": "2025-03-31 10:57:12", "elapsed": 135278.788742, "delta": 3894.526856}}
{"target": 0.3709791600704193, "params": {"M": 24.82924129154611, "dropout": 0.36463867509540693, "hidden_size": 663.084858613314, "learning_rate": 4.3518223375575455e-05}, "datetime": {"datetime": "2025-03-31 11:20:06", "elapsed": 136652.828918, "delta": 1374.040176}}
{"target": 0.3904995024204254, "params": {"M": 11.452033512644405, "dropout": 0.28636811619619224, "hidden_size": 700.8590467827851, "learning_rate": 7.909765645665777e-05}, "datetime": {"datetime": "2025-03-31 13:51:45", "elapsed": 145752.028271, "delta": 9099.199353}}
{"target": 0.4023747146129608, "params": {"M": 7.144983850584169, "dropout": 0.23778595196058916, "hidden_size": 2006.174385022224, "learning_rate": 5.740736364705713e-05}, "datetime": {"datetime": "2025-04-01 00:30:52", "elapsed": 184099.526648, "delta": 38347.498377}}
{"target": 0.383025199174881, "params": {"M": 24.079779087566465, "dropout": 0.2575252723350022, "hidden_size": 794.2096292865733, "learning_rate": 1.1770891944847566e-05}, "datetime": {"datetime": "2025-04-01 00:55:10", "elapsed": 185557.324962, "delta": 1457.798314}}
{"target": 0.37470948696136475, "params": {"M": 27.401588975286504, "dropout": 0.2593009300937402, "hidden_size": 716.3516708161285, "learning_rate": 5.7806937931497126e-05}, "datetime": {"datetime": "2025-04-01 01:33:24", "elapsed": 187851.225135, "delta": 2293.900173}}
{"target": 0.4213005602359772, "params": {"M": 11.742628378793835, "dropout": 0.3909766306792899, "hidden_size": 281.6903247126859, "learning_rate": 1.6251483915965785e-05}, "datetime": {"datetime": "2025-04-01 05:11:10", "elapsed": 200917.217701, "delta": 13065.992566}}
{"target": 0.36049842834472656, "params": {"M": 17.31275024048669, "dropout": 0.12637174615376226, "hidden_size": 348.6733991094353, "learning_rate": 8.532264601124077e-05}, "datetime": {"datetime": "2025-04-01 06:00:16", "elapsed": 203863.62375, "delta": 2946.406049}}
{"target": 0.38387492299079895, "params": {"M": 8.910521854027168, "dropout": 0.33952391903139245, "hidden_size": 1908.2965374198197, "learning_rate": 9.744599466109469e-05}, "datetime": {"datetime": "2025-04-01 09:43:04", "elapsed": 217231.016935, "delta": 13367.393185}}
{"target": 0.37478214502334595, "params": {"M": 15.384649470484673, "dropout": 0.18601745863077146, "hidden_size": 1496.4986494676027, "learning_rate": 7.006042611750831e-05}, "datetime": {"datetime": "2025-04-01 13:18:59", "elapsed": 230186.0859, "delta": 12955.068965}}
{"target": 0.3746027946472168, "params": {"M": 29.69729763901612, "dropout": 0.28150010166793615, "hidden_size": 1869.784243622201, "learning_rate": 7.81360815999717e-05}, "datetime": {"datetime": "2025-04-01 14:22:56", "elapsed": 234022.921592, "delta": 3836.835692}}
{"target": 0.39547380805015564, "params": {"M": 23.41998884239307, "dropout": 0.32426091650523925, "hidden_size": 333.6147100875832, "learning_rate": 4.6246324152466226e-05}, "datetime": {"datetime": "2025-04-01 15:46:25", "elapsed": 239032.036987, "delta": 5009.115395}}
{"target": 0.391134649515152, "params": {"M": 26.444191736644573, "dropout": 0.3153693791256172, "hidden_size": 785.3440503019316, "learning_rate": 5.8667298672937815e-05}, "datetime": {"datetime": "2025-04-01 16:16:18", "elapsed": 240825.235296, "delta": 1793.198309}}
{"target": 0.39153388142585754, "params": {"M": 8.940992289261404, "dropout": 0.34286521624258814, "hidden_size": 1495.1277790072027, "learning_rate": 6.44670641327579e-05}, "datetime": {"datetime": "2025-04-01 22:41:01", "elapsed": 263907.951113, "delta": 23082.715817}}
{"target": 0.3911370038986206, "params": {"M": 25.229406068419365, "dropout": 0.3922123786863452, "hidden_size": 1561.4591915769652, "learning_rate": 1.3479448955305913e-05}, "datetime": {"datetime": "2025-04-01 23:29:59", "elapsed": 266845.77965, "delta": 2937.828537}}
{"target": 0.375767320394516, "params": {"M": 12.308257887749416, "dropout": 0.22136680129738767, "hidden_size": 1950.3671623883492, "learning_rate": 8.753619258165941e-05}, "datetime": {"datetime": "2025-04-02 04:00:32", "elapsed": 283079.624247, "delta": 16233.844597}}
{"target": 0.394233375787735, "params": {"M": 8.3434495947377, "dropout": 0.1386480805569722, "hidden_size": 1242.2998306413506, "learning_rate": 8.826562200388484e-05}, "datetime": {"datetime": "2025-04-02 10:05:06", "elapsed": 304953.006877, "delta": 21873.38263}}
{"target": 0.3983124792575836, "params": {"M": 28.78964714839729, "dropout": 0.28110613924400807, "hidden_size": 558.3323315079535, "learning_rate": 4.961588626291538e-05}, "datetime": {"datetime": "2025-04-02 10:34:38", "elapsed": 306724.695497, "delta": 1771.68862}}
{"target": 0.38982006907463074, "params": {"M": 10.420731886005322, "dropout": 0.38256367385882484, "hidden_size": 1214.771564718456, "learning_rate": 6.5548351338813e-05}, "datetime": {"datetime": "2025-04-02 12:26:46", "elapsed": 313452.823457, "delta": 6728.12796}}
{"target": 0.38071683049201965, "params": {"M": 8.412623437998029, "dropout": 0.25479589389159757, "hidden_size": 1021.2889519677791, "learning_rate": 9.576323785567027e-05}, "datetime": {"datetime": "2025-04-02 15:04:31", "elapsed": 322918.59592, "delta": 9465.772463}}
