{"target": 0.38813650608062744, "params": {"M": 11.236203565420874, "dropout": 0.9417000202817178, "hidden_size": 2264.5913763304957, "learning_rate": 0.0006026718993550663}, "datetime": {"datetime": "2025-03-02 11:26:15", "elapsed": 0.0, "delta": 0.0}}
{"target": 0.410765141248703, "params": {"M": 4.680559213273096, "dropout": 0.1628746299294786, "hidden_size": 415.3814317895393, "learning_rate": 0.0008675143843171858}, "datetime": {"datetime": "2025-03-02 11:47:05", "elapsed": 1249.814977, "delta": 1249.814977}}
{"target": 0.3908592760562897, "params": {"M": 18.033450352296263, "dropout": 0.7039111262401245, "hidden_size": 312.48385234768193, "learning_rate": 0.0009702107536403744}, "datetime": {"datetime": "2025-03-02 11:56:08", "elapsed": 1792.509768, "delta": 542.694791}}
{"target": 0.4322206676006317, "params": {"M": 24.973279224012654, "dropout": 0.21809232846471063, "hidden_size": 754.9277100162841, "learning_rate": 0.00019157046475489948}, "datetime": {"datetime": "2025-03-02 13:51:17", "elapsed": 8701.587752, "delta": 6909.077984}}
{"target": 0.4122121334075928, "params": {"M": 9.127267288786133, "dropout": 0.5242613029995931, "hidden_size": 1441.2571311539657, "learning_rate": 0.0002983168487960615}, "datetime": {"datetime": "2025-03-02 15:56:32", "elapsed": 16216.829673, "delta": 7515.241921}}
{"target": 0.3898840546607971, "params": {"M": 26.27594647743384, "dropout": 0.7925219351419933, "hidden_size": 755.6300808386993, "learning_rate": 0.0005697517008566585}, "datetime": {"datetime": "2025-03-02 16:30:42", "elapsed": 18267.071168, "delta": 2050.241495}}
{"target": 0.41750022768974304, "params": {"M": 1.4765584398025677, "dropout": 0.028113536012961925, "hidden_size": 1903.787732190927, "learning_rate": 0.0007265886777225101}, "datetime": {"datetime": "2025-03-02 18:23:44", "elapsed": 25048.451301, "delta": 6781.380133}}
{"target": 0.3703756332397461, "params": {"M": 0.13434256997184812, "dropout": 0.0495589201966653, "hidden_size": 1535.9459490454537, "learning_rate": 0.0003585867055621425}, "datetime": {"datetime": "2025-03-02 19:43:24", "elapsed": 29828.931182, "delta": 4780.479881}}
{"target": 0.3866346478462219, "params": {"M": 29.123888921929822, "dropout": 0.7054144559777604, "hidden_size": 2983.200897616158, "learning_rate": 0.0003801820533912367}, "datetime": {"datetime": "2025-03-02 23:36:27", "elapsed": 43811.991077, "delta": 13983.059895}}
{"target": 0.44869357347488403, "params": {"M": 14.14530196072375, "dropout": 0.16728026064970292, "hidden_size": 2456.579174710616, "learning_rate": 0.00010553799060697547}, "datetime": {"datetime": "2025-03-03 06:58:33", "elapsed": 70337.646764, "delta": 26525.655687}}
{"target": 0.3824601471424103, "params": {"M": 28.149412250888627, "dropout": 0.7021996022214768, "hidden_size": 1491.1678796072986, "learning_rate": 0.0009984833373031532}, "datetime": {"datetime": "2025-03-03 08:01:04", "elapsed": 74089.082225, "delta": 3751.435461}}
{"target": 0.3798694312572479, "params": {"M": 23.25553211940797, "dropout": 0.8744863386449959, "hidden_size": 879.3486897516373, "learning_rate": 0.00037870045713133}, "datetime": {"datetime": "2025-03-03 08:48:02", "elapsed": 76907.12694, "delta": 2818.044715}}
{"target": 0.381878525018692, "params": {"M": 5.807000233884006, "dropout": 0.6188025129075613, "hidden_size": 937.1904153861396, "learning_rate": 0.0007700742210232355}, "datetime": {"datetime": "2025-03-03 09:15:01", "elapsed": 78525.707934, "delta": 1618.580994}}
{"target": 0.3354417383670807, "params": {"M": 0.18910937032717734, "dropout": 0.4601007764045912, "hidden_size": 2935.95452706528, "learning_rate": 0.0005314810001176284}, "datetime": {"datetime": "2025-03-03 12:21:19", "elapsed": 89703.481778, "delta": 11177.773844}}
{"target": 0.4616265892982483, "params": {"M": 22.277972722912782, "dropout": 0.5245825562943404, "hidden_size": 1080.1334948450653, "learning_rate": 2.9479811393323224e-05}, "datetime": {"datetime": "2025-03-03 15:55:06", "elapsed": 102531.145928, "delta": 12827.66415}}
{"target": 0.38927555084228516, "params": {"M": 26.61076822863457, "dropout": 0.5303830383062181, "hidden_size": 960.9134959371967, "learning_rate": 0.0005358763172464684}, "datetime": {"datetime": "2025-03-03 16:45:02", "elapsed": 105527.06194, "delta": 2995.916012}}
{"target": 0.39978405833244324, "params": {"M": 6.186037015818045, "dropout": 0.9605236602190134, "hidden_size": 295.3383097163003, "learning_rate": 7.876632307562361e-05}, "datetime": {"datetime": "2025-03-03 17:03:28", "elapsed": 106633.171704, "delta": 1106.109764}}
{"target": 0.41027960181236267, "params": {"M": 13.45141335715655, "dropout": 0.09614770410228998, "hidden_size": 397.90614238632287, "learning_rate": 0.0008385491061236483}, "datetime": {"datetime": "2025-03-03 17:32:21", "elapsed": 108365.801066, "delta": 1732.629362}}
{"target": 0.3566933274269104, "params": {"M": 2.4919850269919586, "dropout": 0.7924448021692152, "hidden_size": 2786.079072924099, "learning_rate": 0.0009719059412720416}, "datetime": {"datetime": "2025-03-03 19:06:16", "elapsed": 114001.021942, "delta": 5635.220876}}
{"target": 0.4014807343482971, "params": {"M": 10.936499309327836, "dropout": 0.29099036486052, "hidden_size": 2155.5135569972663, "learning_rate": 0.0006706646872925913}, "datetime": {"datetime": "2025-03-03 21:03:55", "elapsed": 121059.413475, "delta": 7058.391533}}
{"target": 0.4277792274951935, "params": {"M": 21.55370730604215, "dropout": 0.7615422279276658, "hidden_size": 1080.487260930314, "learning_rate": 9.838405840548189e-05}, "datetime": {"datetime": "2025-03-03 22:18:03", "elapsed": 125508.027965, "delta": 4448.61449}}
{"target": 0.38818085193634033, "params": {"M": 25.462251820581862, "dropout": 0.9764907836673271, "hidden_size": 754.6135322862064, "learning_rate": 0.0006317818426745274}, "datetime": {"datetime": "2025-03-03 22:50:52", "elapsed": 127476.848601, "delta": 1968.820636}}
{"target": 0.41077980399131775, "params": {"M": 23.72214468681944, "dropout": 0.18013674597766288, "hidden_size": 1080.3486947071547, "learning_rate": 0.00044926879659248746}, "datetime": {"datetime": "2025-03-04 00:06:30", "elapsed": 132014.481145, "delta": 4537.632544}}
{"target": 0.39514416456222534, "params": {"M": 14.961337090884237, "dropout": 0.5121595907768549, "hidden_size": 2456.9689903422045, "learning_rate": 0.00036947698088605704}, "datetime": {"datetime": "2025-03-04 03:08:32", "elapsed": 142936.572061, "delta": 10922.090916}}
{"target": 0.40110209584236145, "params": {"M": 24.729050632738254, "dropout": 0.22624257442804543, "hidden_size": 753.8511426901387, "learning_rate": 0.000982039821334314}, "datetime": {"datetime": "2025-03-04 03:49:20", "elapsed": 145385.099726, "delta": 2448.527665}}
{"target": 0.3827838897705078, "params": {"M": 20.60527458844147, "dropout": 0.7338445989991025, "hidden_size": 1079.5726987698422, "learning_rate": 0.0008195107936717035}, "datetime": {"datetime": "2025-03-04 04:27:47", "elapsed": 147691.863335, "delta": 2306.763609}}
{"target": 0.37215322256088257, "params": {"M": 1.7523255583535224, "dropout": 0.13625039648610915, "hidden_size": 1766.271615669568, "learning_rate": 0.0008709218420427332}, "datetime": {"datetime": "2025-03-04 05:25:44", "elapsed": 151169.215752, "delta": 3477.352417}}
{"target": 0.3869101107120514, "params": {"M": 28.421278889213855, "dropout": 0.6016133881970928, "hidden_size": 718.9463826215538, "learning_rate": 0.0004457747488920692}, "datetime": {"datetime": "2025-03-04 06:01:06", "elapsed": 153290.372147, "delta": 2121.156395}}
{"target": 0.4103042781352997, "params": {"M": 4.461824199137378, "dropout": 0.9330413346054944, "hidden_size": 1724.1189584751357, "learning_rate": 0.000621031864726943}, "datetime": {"datetime": "2025-03-04 07:13:46", "elapsed": 157650.561344, "delta": 4360.189197}}
{"target": 0.41120481491088867, "params": {"M": 22.968154384520766, "dropout": 0.10602089258141252, "hidden_size": 1079.7041037611575, "learning_rate": 0.000459514567639516}, "datetime": {"datetime": "2025-03-04 08:51:58", "elapsed": 163542.747964, "delta": 5892.18662}}
