{"target": 0.40709006786346436, "params": {"M": 11.236203565420874, "learning_rate": 0.000951207163345817}, "datetime": {"datetime": "2025-02-24 12:29:56", "elapsed": 0.0, "delta": 0.0}}
{"target": 0.4173368513584137, "params": {"M": 21.959818254342153, "learning_rate": 0.0006026718993550663}, "datetime": {"datetime": "2025-02-24 14:25:12", "elapsed": 6916.289083, "delta": 6916.289083}}
{"target": 0.43284836411476135, "params": {"M": 4.680559213273096, "learning_rate": 0.0001644345751328406}, "datetime": {"datetime": "2025-02-24 17:45:07", "elapsed": 18911.06134, "delta": 11994.772257}}
{"target": 0.32670867443084717, "params": {"M": 1.7425083650459838, "learning_rate": 0.0008675143843171858}, "datetime": {"datetime": "2025-02-24 18:31:30", "elapsed": 21694.23608, "delta": 2783.17474}}
{"target": 0.3949517607688904, "params": {"M": 18.033450352296263, "learning_rate": 0.0007109918520180851}, "datetime": {"datetime": "2025-02-24 20:21:02", "elapsed": 28266.583067, "delta": 6572.346987}}
{"target": 0.40598374605178833, "params": {"M": 4.756084754997706, "learning_rate": 0.0008145661129420246}, "datetime": {"datetime": "2025-02-24 22:38:38", "elapsed": 36522.019296, "delta": 8255.436229}}
{"target": 0.45780041813850403, "params": {"M": 4.555303369358269, "learning_rate": 5.6292413673054574e-05}, "datetime": {"datetime": "2025-02-25 03:00:31", "elapsed": 52235.91182, "delta": 15713.892524}}
{"target": 0.39732953906059265, "params": {"M": 4.2867405960118745, "learning_rate": 0.0004513207565149075}, "datetime": {"datetime": "2025-02-25 04:37:41", "elapsed": 58065.515278, "delta": 5829.603458}}
{"target": 0.3959965705871582, "params": {"M": 21.60033474318004, "learning_rate": 0.0007509312476696858}, "datetime": {"datetime": "2025-02-25 05:55:13", "elapsed": 62717.888153, "delta": 4652.372875}}
{"target": 0.39106377959251404, "params": {"M": 22.28454802647892, "learning_rate": 0.0007141336813803715}, "datetime": {"datetime": "2025-02-25 07:20:50", "elapsed": 67854.447831, "delta": 5136.559678}}
{"target": 0.4277106523513794, "params": {"M": 10.807237688727811, "learning_rate": 0.00016522051819780077}, "datetime": {"datetime": "2025-02-25 11:01:24", "elapsed": 81088.513999, "delta": 13234.066168}}
{"target": 0.4219783842563629, "params": {"M": 13.254065336497158, "learning_rate": 0.0008261252454595805}, "datetime": {"datetime": "2025-02-25 12:55:00", "elapsed": 87904.432492, "delta": 6815.918493}}
{"target": 0.41535091400146484, "params": {"M": 10.572064624695427, "learning_rate": 0.0006053283125358124}, "datetime": {"datetime": "2025-02-25 15:07:51", "elapsed": 95875.55085, "delta": 7971.118358}}
{"target": 0.4056076407432556, "params": {"M": 11.85382979212418, "learning_rate": 0.0004924993003370062}, "datetime": {"datetime": "2025-02-25 16:52:51", "elapsed": 102175.661601, "delta": 6300.110751}}
{"target": 0.41182741522789, "params": {"M": 13.509544252170942, "learning_rate": 0.0005191463791986919}, "datetime": {"datetime": "2025-02-25 18:16:23", "elapsed": 107187.758699, "delta": 5012.097098}}
{"target": 0.43634554743766785, "params": {"M": 18.121815176067763, "learning_rate": 0.00016016351565006386}, "datetime": {"datetime": "2025-02-25 23:16:16", "elapsed": 125180.78109, "delta": 17993.022391}}
{"target": 0.39435791969299316, "params": {"M": 23.782597170377542, "learning_rate": 0.0008851049803173017}, "datetime": {"datetime": "2025-02-26 00:32:06", "elapsed": 129730.311048, "delta": 4549.529958}}
{"target": 0.40658146142959595, "params": {"M": 4.489625645899693, "learning_rate": 0.00032865939179869876}, "datetime": {"datetime": "2025-02-26 02:58:35", "elapsed": 138519.569281, "delta": 8789.258233}}
{"target": 0.41744014620780945, "params": {"M": 3.4490384523185655, "learning_rate": 0.00020651323881569098}, "datetime": {"datetime": "2025-02-26 05:50:35", "elapsed": 148839.884875, "delta": 10320.315594}}
{"target": 0.4165275990962982, "params": {"M": 28.66486464230516, "learning_rate": 0.00026884595376178426}, "datetime": {"datetime": "2025-02-26 09:24:01", "elapsed": 161644.953023, "delta": 12805.068148}}
